<?xml version="1.0" encoding="UTF-8"?>
<!-- Generated by org.testng.reporters.JUnitReportReporter -->
<testsuite skipped="0" hostname="DESKTOP-070DR37" name="maintestcases.Prodinfoserach" tests="1" failures="0" timestamp="18 Jul 2020 14:48:51 GMT" time="82.136" errors="0">
  <testcase name="Addtocart" time="82.136" classname="maintestcases.Prodinfoserach"/>
</testsuite> <!-- maintestcases.Prodinfoserach -->
